2026-05-20 13:09:02,479 - INFO - File uploaded: Book1.xlsx
2026-05-20 13:09:08,319 - INFO - File uploaded: Book1.xlsx
2026-05-20 13:09:14,537 - INFO - File uploaded: Book1.xlsx
2026-05-20 13:09:35,032 - INFO - File uploaded: Book1.xlsx
2026-05-20 13:09:37,009 - INFO - File uploaded: Book1.xlsx
2026-05-20 13:09:58,644 - INFO - File uploaded: Book1.xlsx
2026-05-20 13:11:13,606 - INFO - File uploaded: Book1.xlsx
2026-05-20 13:11:21,016 - INFO - File uploaded: Book1.xlsx
2026-05-20 13:11:55,555 - INFO - File uploaded: Book1.xlsx
2026-05-20 13:12:01,779 - INFO - File uploaded: Book1.xlsx
2026-05-20 13:13:41,378 - INFO - File uploaded: 2026-05-20T07-40_export.csv
2026-05-20 13:13:43,137 - INFO - File uploaded: 2026-05-20T07-40_export.csv
2026-05-20 13:13:48,705 - INFO - File uploaded: 2026-05-20T07-40_export.csv
2026-05-20 13:14:00,681 - INFO - File uploaded: All schools.csv
2026-05-20 13:14:02,710 - INFO - File uploaded: All schools.csv
2026-05-20 13:14:41,444 - INFO - File uploaded: questions_cheet_sheet.xlsx
2026-05-20 13:14:43,920 - INFO - File uploaded: questions_cheet_sheet.xlsx
2026-05-20 13:24:34,426 - INFO - File uploaded: AR Quality.xlsx
2026-05-20 13:24:34,880 - ERROR - Error processing AR Quality.xlsx: Could not read the file. It might be corrupted or incorrectly formatted. Error: Unable to read workbook: could not read stylesheet from AR Quality.xlsx.
This is most probably because the workbook source files contain some invalid XML.
Please see the exception for more details.
2026-05-20 13:25:57,322 - INFO - File uploaded: Book1.xlsx
2026-05-20 13:26:49,041 - INFO - File uploaded: Book1.xlsx
2026-05-20 13:26:53,714 - INFO - File uploaded: Book1.xlsx
2026-05-20 13:31:25,006 - INFO - File uploaded: Book1.xlsx
2026-05-20 13:31:34,797 - INFO - File uploaded: Book1.xlsx
2026-05-20 15:00:12,172 - INFO - File uploaded: 2026-05-20T07-40_export.csv
2026-05-20 15:02:50,904 - INFO - File uploaded: 2026-05-20T07-40_export.csv
2026-05-20 15:02:53,822 - INFO - File uploaded: 2026-05-20T07-40_export.csv
2026-05-20 15:03:20,076 - INFO - File uploaded: All schools.csv
2026-05-20 15:03:26,041 - INFO - File uploaded: All schools.csv
2026-05-20 15:05:59,744 - INFO - File uploaded: All schools.csv
2026-05-20 15:06:04,113 - INFO - File uploaded: All schools.csv
2026-05-20 15:06:11,616 - INFO - File uploaded: All schools.csv
2026-05-20 15:06:15,742 - INFO - File uploaded: All schools.csv
2026-05-20 15:06:26,438 - INFO - File uploaded: All schools.csv
2026-05-20 15:06:37,539 - INFO - File uploaded: All schools.csv
2026-05-20 15:06:38,721 - INFO - File uploaded: All schools.csv
2026-05-20 15:06:54,418 - INFO - File uploaded: All schools.csv
2026-05-20 15:06:58,919 - INFO - File uploaded: All schools.csv
2026-05-20 15:07:01,794 - INFO - File uploaded: All schools.csv
2026-05-20 15:07:11,769 - INFO - File uploaded: All schools.csv
2026-05-20 15:07:12,944 - INFO - File uploaded: All schools.csv
2026-05-20 15:07:17,757 - INFO - File uploaded: All schools.csv
2026-05-20 15:07:24,047 - INFO - File uploaded: All schools.csv
2026-05-20 15:07:27,539 - INFO - File uploaded: All schools.csv
2026-05-20 15:08:52,058 - INFO - File uploaded: All schools.csv
2026-05-20 15:08:55,505 - INFO - File uploaded: All schools.csv
2026-05-20 15:09:03,601 - INFO - File uploaded: All schools.csv
2026-05-20 15:09:06,106 - INFO - File uploaded: All schools.csv
2026-05-20 15:09:16,814 - INFO - File uploaded: All schools.csv
2026-05-20 15:09:35,051 - INFO - File uploaded: All schools.csv
2026-05-20 15:10:36,332 - INFO - File uploaded: All schools.csv
2026-05-20 15:11:06,259 - INFO - File uploaded: All schools.csv
2026-05-20 15:11:32,887 - INFO - File uploaded: All schools.csv
2026-05-20 15:11:38,612 - INFO - File uploaded: All schools.csv
2026-05-20 15:11:41,021 - INFO - File uploaded: All schools.csv
2026-05-20 15:11:45,606 - INFO - File uploaded: All schools.csv
2026-05-20 15:14:01,790 - INFO - File uploaded: All schools.csv
2026-05-20 15:14:13,054 - INFO - File uploaded: All schools.csv
2026-05-20 15:14:15,548 - INFO - File uploaded: All schools.csv
2026-05-20 15:14:40,499 - INFO - File uploaded: All schools.csv
2026-05-20 15:14:48,692 - INFO - File uploaded: All schools.csv
2026-05-20 15:14:49,812 - INFO - File uploaded: All schools.csv
2026-05-20 15:15:11,738 - INFO - File uploaded: All schools.csv
2026-05-20 15:18:29,640 - INFO - File uploaded: All schools.csv
2026-05-20 15:18:40,935 - INFO - File uploaded: All schools.csv
2026-05-20 15:18:44,997 - INFO - File uploaded: All schools.csv
2026-05-20 15:18:47,125 - INFO - File uploaded: All schools.csv
2026-05-20 15:18:47,266 - ERROR - Error processing All schools.csv: No engine for filetype: 'csv'
2026-05-20 15:19:11,963 - INFO - File uploaded: All schools.csv
2026-05-20 15:19:16,455 - INFO - File uploaded: All schools.csv
2026-05-20 15:19:17,792 - INFO - File uploaded: All schools.csv
2026-05-20 15:19:44,504 - INFO - File uploaded: All schools.csv
2026-05-20 15:19:46,256 - INFO - File uploaded: All schools.csv
2026-05-20 15:37:40,013 - INFO - File uploaded: All schools.csv
2026-05-20 15:38:46,751 - INFO - File uploaded: All schools.csv
2026-05-20 15:39:15,108 - INFO - File uploaded: All schools.csv
2026-05-20 15:43:31,684 - INFO - File uploaded: All schools.csv
2026-05-20 15:44:10,687 - INFO - File uploaded: All schools.csv
2026-05-20 15:44:21,541 - INFO - File uploaded: All schools.csv
2026-05-20 15:44:23,171 - INFO - File uploaded: All schools.csv
2026-05-20 15:45:46,849 - INFO - File uploaded: All schools.csv
2026-05-20 15:46:09,896 - INFO - File uploaded: All schools.csv
2026-05-20 15:46:11,855 - INFO - File uploaded: All schools.csv
2026-05-20 15:47:07,481 - INFO - File uploaded: All schools.csv
2026-05-20 15:47:18,089 - INFO - File uploaded: All schools.csv
2026-05-20 15:47:19,248 - INFO - File uploaded: All schools.csv
